TN:
SF:src/IGOStorage.sol
FN:37,IGOStorage.layout
FNDA:0,IGOStorage.layout
DA:38,0
DA:40,0
FNF:1
FNH:0
LF:2
LH:0
BRF:0
BRH:0
end_of_record
TN:
SF:src/readable/IGOReadable.sol
FN:17,IGOReadable.claimedBy
FNDA:2,IGOReadable.claimedBy
DA:18,2
FN:21,IGOReadable.igoStage
FNDA:3,IGOReadable.igoStage
DA:22,3
FN:25,IGOReadable.raisedInTag
FNDA:1,IGOReadable.raisedInTag
DA:28,1
FN:31,IGOReadable.setUp
FNDA:3,IGOReadable.setUp
DA:36,3
DA:37,3
DA:38,3
DA:39,3
FN:42,IGOReadable.tag
FNDA:11,IGOReadable.tag
DA:45,11
FN:48,IGOReadable.tagIds
FNDA:1,IGOReadable.tagIds
DA:54,1
FN:57,IGOReadable.totalRaised
FNDA:1,IGOReadable.totalRaised
DA:58,1
FNF:7
FNH:7
LF:10
LH:10
BRF:0
BRH:0
end_of_record
TN:
SF:src/writable/IGOWritable.sol
FN:18,IGOWritable.buyTokens
FNDA:26,IGOWritable.buyTokens
DA:24,26
DA:26,26
DA:27,26
DA:29,26
DA:30,25
DA:31,14
DA:32,13
DA:33,11
DA:34,9
DA:35,8
DA:38,7
DA:39,7
DA:42,7
DA:43,7
DA:44,7
DA:45,7
BRDA:45,0,0,1
BRDA:45,0,1,7
DA:46,7
BRDA:46,1,0,5
BRDA:46,1,1,7
DA:49,7
FNF:1
FNH:1
LF:18
LH:18
BRF:4
BRH:4
end_of_record
TN:
SF:src/writable/IGOWritableInternal.sol
FN:15,IGOWritableInternal._closeIGO
FNDA:1,IGOWritableInternal._closeIGO
DA:16,1
FN:19,IGOWritableInternal._closeTag
FNDA:5,IGOWritableInternal._closeTag
DA:20,5
FN:25,IGOWritableInternal._requireAllocationNotExceeded
FNDA:11,IGOWritableInternal._requireAllocationNotExceeded
DA:29,11
DA:31,11
BRDA:31,0,0,2
BRDA:31,0,1,9
DA:32,2
FN:39,IGOWritableInternal._requireAuthorizedAccount
FNDA:14,IGOWritableInternal._requireAuthorizedAccount
DA:40,14
BRDA:40,1,0,1
BRDA:40,1,1,13
FN:44,IGOWritableInternal._requireGrandTotalNotExceeded
FNDA:8,IGOWritableInternal._requireGrandTotalNotExceeded
DA:48,8
DA:50,8
BRDA:50,2,0,1
BRDA:50,2,1,7
DA:51,1
FN:58,IGOWritableInternal._requireOpenedIGO
FNDA:28,IGOWritableInternal._requireOpenedIGO
DA:59,28
DA:60,28
BRDA:60,3,0,2
BRDA:60,3,1,26
DA:61,2
FN:65,IGOWritableInternal._requireOpenedTag
FNDA:25,IGOWritableInternal._requireOpenedTag
DA:66,25
DA:71,25
BRDA:71,4,0,11
BRDA:71,4,1,14
DA:72,11
FN:77,IGOWritableInternal._requireTagCapNotExceeded
FNDA:9,IGOWritableInternal._requireTagCapNotExceeded
DA:82,9
DA:84,9
BRDA:84,5,0,1
BRDA:84,5,1,8
DA:85,1
FN:93,IGOWritableInternal._requireValidAllocation
FNDA:13,IGOWritableInternal._requireValidAllocation
DA:97,13
BRDA:97,6,0,2
BRDA:97,6,1,11
FNF:9
FNH:9
LF:19
LH:19
BRF:14
BRH:14
end_of_record
TN:
SF:src/writable/restricted/RestrictedWritable.sol
FN:27,RestrictedWritable.openIGO
FNDA:13,RestrictedWritable.openIGO
DA:28,13
FN:31,RestrictedWritable.pauseIGO
FNDA:1,RestrictedWritable.pauseIGO
DA:32,1
FN:35,RestrictedWritable.updateGrandTotal
FNDA:4,RestrictedWritable.updateGrandTotal
DA:38,4
BRDA:38,0,0,1
BRDA:38,0,1,3
DA:39,3
FN:42,RestrictedWritable.updateTag
FNDA:15,RestrictedWritable.updateTag
DA:46,15
DA:48,15
DA:54,14
FN:57,RestrictedWritable.updateToken
FNDA:0,RestrictedWritable.updateToken
DA:58,0
FN:61,RestrictedWritable.updateTreasuryWallet
FNDA:0,RestrictedWritable.updateTreasuryWallet
DA:62,0
FN:65,RestrictedWritable.recoverLostERC20
FNDA:1,RestrictedWritable.recoverLostERC20
DA:66,1
DA:67,1
FN:75,RestrictedWritable.setTags
FNDA:3,RestrictedWritable.setTags
DA:79,3
DA:81,3
BRDA:81,1,0,2
BRDA:81,1,1,1
DA:86,1
DA:87,1
DA:89,1
DA:90,1
DA:95,0
DA:96,0
FNF:8
FNH:6
LF:19
LH:15
BRF:4
BRH:4
end_of_record
TN:
SF:src/writable/restricted/RestrictedWritableInternal.sol
FN:7,RestrictedWritableInternal._isMaxTagAllocationGtGrandTotal
FNDA:16,RestrictedWritableInternal._isMaxTagAllocationGtGrandTotal
DA:12,16
BRDA:12,0,0,2
BRDA:12,0,1,14
DA:13,2
DA:19,14
FNF:1
FNH:1
LF:3
LH:3
BRF:2
BRH:2
end_of_record
TN:
SF:test/foundry/utils/FFI_Merkletreejs.sol
FN:18,FFI_Merkletreejs._generateLeaves
FNDA:0,FFI_Merkletreejs._generateLeaves
DA:19,0
DA:20,0
DA:21,0
DA:22,0
DA:23,0
DA:25,0
FN:28,FFI_Merkletreejs._generateMerkleRootAndProofForLeaf
FNDA:0,FFI_Merkletreejs._generateMerkleRootAndProofForLeaf
DA:29,0
DA:31,0
DA:32,0
DA:33,0
DA:34,0
DA:35,0
DA:37,0
DA:39,0
FNF:2
FNH:0
LF:14
LH:0
BRF:0
BRH:0
end_of_record
TN:
SF:test/mock/IGO_Mock.sol
FN:15,IGO_Mock.exposed_requireOpenedIGO
FNDA:2,IGO_Mock.exposed_requireOpenedIGO
DA:16,2
FNF:1
FNH:1
LF:1
LH:1
BRF:0
BRH:0
end_of_record
