TN:
SF:src/IGOStorage.sol
FN:37,IGOStorage.layout
FNDA:0,IGOStorage.layout
DA:38,0
DA:40,0
FNF:1
FNH:0
LF:2
LH:0
BRF:0
BRH:0
end_of_record
TN:
SF:src/readable/IGOReadable.sol
FN:18,IGOReadable.boughtByIn
FNDA:2,IGOReadable.boughtByIn
DA:22,2
FN:25,IGOReadable.igoStage
FNDA:4,IGOReadable.igoStage
DA:26,4
FN:29,IGOReadable.raisedInTag
FNDA:0,IGOReadable.raisedInTag
DA:32,0
FN:35,IGOReadable.setUp
FNDA:3,IGOReadable.setUp
DA:41,3
DA:42,3
DA:43,3
DA:44,3
FN:47,IGOReadable.tag
FNDA:13,IGOReadable.tag
DA:50,13
FN:53,IGOReadable.tagIds
FNDA:1,IGOReadable.tagIds
DA:59,1
FN:62,IGOReadable.totalRaised
FNDA:0,IGOReadable.totalRaised
DA:63,0
FNF:7
FNH:5
LF:10
LH:8
BRF:0
BRH:0
end_of_record
TN:
SF:src/writable/IGOWritable.sol
FN:19,IGOWritable.buyTokens
FNDA:15,IGOWritable.buyTokens
DA:25,15
DA:27,15
DA:28,15
DA:30,15
DA:36,15
DA:37,15
DA:38,15
DA:39,15
DA:40,7
DA:41,7
DA:44,5
DA:45,5
DA:48,5
DA:49,5
DA:50,5
DA:51,5
BRDA:51,0,0,1
BRDA:51,0,1,5
DA:52,5
BRDA:52,1,0,4
BRDA:52,1,1,5
DA:55,5
FNF:1
FNH:1
LF:18
LH:18
BRF:4
BRH:4
end_of_record
TN:
SF:src/writable/IGOWritableInternal.sol
FN:15,IGOWritableInternal._closeIGO
FNDA:2,IGOWritableInternal._closeIGO
DA:16,2
FN:19,IGOWritableInternal._closeTag
FNDA:5,IGOWritableInternal._closeTag
DA:20,5
FN:29,IGOWritableInternal._requireAllocationNotExceededInTag
FNDA:18,IGOWritableInternal._requireAllocationNotExceededInTag
DA:35,18
DA:37,18
BRDA:37,0,0,1
BRDA:37,0,1,17
DA:38,1
FN:46,IGOWritableInternal._requireAuthorizedAccount
FNDA:17,IGOWritableInternal._requireAuthorizedAccount
DA:47,17
BRDA:47,1,0,1
BRDA:47,1,1,16
FN:51,IGOWritableInternal._requireGrandTotalNotExceeded
FNDA:17,IGOWritableInternal._requireGrandTotalNotExceeded
DA:55,17
DA:57,17
BRDA:57,2,0,1
BRDA:57,2,1,16
DA:58,1
FN:65,IGOWritableInternal._requireOpenedIGO
FNDA:19,IGOWritableInternal._requireOpenedIGO
DA:66,19
DA:67,19
BRDA:67,3,0,3
BRDA:67,3,1,16
DA:68,3
FN:72,IGOWritableInternal._requireOpenedTag
FNDA:19,IGOWritableInternal._requireOpenedTag
DA:73,19
DA:78,19
BRDA:78,4,0,11
BRDA:78,4,1,8
DA:79,11
FN:84,IGOWritableInternal._requireTagCapNotExceeded
FNDA:9,IGOWritableInternal._requireTagCapNotExceeded
DA:89,9
DA:91,9
BRDA:91,5,0,1
BRDA:91,5,1,8
DA:92,1
FN:100,IGOWritableInternal._requireValidAllocation
FNDA:9,IGOWritableInternal._requireValidAllocation
DA:104,9
BRDA:104,6,0,3
BRDA:104,6,1,6
FNF:9
FNH:9
LF:19
LH:19
BRF:14
BRH:14
end_of_record
TN:
SF:src/writable/restricted/RestrictedWritable.sol
FN:27,RestrictedWritable.openIGO
FNDA:6,RestrictedWritable.openIGO
DA:28,6
FN:31,RestrictedWritable.pauseIGO
FNDA:1,RestrictedWritable.pauseIGO
DA:32,1
FN:35,RestrictedWritable.updateGrandTotal
FNDA:3,RestrictedWritable.updateGrandTotal
DA:38,3
BRDA:38,0,0,1
BRDA:38,0,1,2
DA:39,2
FN:43,RestrictedWritable.updateToken
FNDA:0,RestrictedWritable.updateToken
DA:44,0
FN:47,RestrictedWritable.updateTreasuryWallet
FNDA:0,RestrictedWritable.updateTreasuryWallet
DA:48,0
FN:52,RestrictedWritable.recoverLostERC20
FNDA:1,RestrictedWritable.recoverLostERC20
DA:56,1
DA:57,1
FN:62,RestrictedWritable.updateTag
FNDA:7,RestrictedWritable.updateTag
DA:66,7
DA:68,7
DA:74,6
FN:78,RestrictedWritable.setTags
FNDA:3,RestrictedWritable.setTags
DA:82,3
DA:84,3
BRDA:84,1,0,2
BRDA:84,1,1,1
DA:89,1
DA:90,1
DA:92,1
DA:93,1
DA:98,0
DA:99,0
FN:104,RestrictedWritable.openTag
FNDA:1,RestrictedWritable.openTag
DA:105,1
FN:110,RestrictedWritable.pauseTag
FNDA:1,RestrictedWritable.pauseTag
DA:111,1
FN:116,RestrictedWritable.updateTagMerkleRoot
FNDA:1,RestrictedWritable.updateTagMerkleRoot
DA:120,1
FN:123,RestrictedWritable.updateTagStartDate
FNDA:0,RestrictedWritable.updateTagStartDate
DA:127,0
FN:130,RestrictedWritable.updateTagEndDate
FNDA:0,RestrictedWritable.updateTagEndDate
DA:134,0
FN:137,RestrictedWritable.updateTagMaxCap
FNDA:0,RestrictedWritable.updateTagMaxCap
DA:141,0
DA:146,0
FNF:14
FNH:9
LF:26
LH:18
BRF:4
BRH:4
end_of_record
TN:
SF:src/writable/restricted/RestrictedWritableInternal.sol
FN:8,RestrictedWritableInternal._isMaxTagAllocationGtGrandTotal
FNDA:8,RestrictedWritableInternal._isMaxTagAllocationGtGrandTotal
DA:13,8
BRDA:13,0,0,2
BRDA:13,0,1,6
DA:14,2
DA:20,6
FNF:1
FNH:1
LF:3
LH:3
BRF:2
BRH:2
end_of_record
TN:
SF:test/foundry/utils/FFI_Merkletreejs.sol
FN:18,FFI_Merkletreejs._generateLeaves
FNDA:0,FFI_Merkletreejs._generateLeaves
DA:19,0
DA:20,0
DA:21,0
DA:22,0
DA:23,0
DA:25,0
FN:28,FFI_Merkletreejs._generateMerkleRootAndProofForLeaf
FNDA:0,FFI_Merkletreejs._generateMerkleRootAndProofForLeaf
DA:29,0
DA:31,0
DA:32,0
DA:33,0
DA:34,0
DA:35,0
DA:37,0
DA:39,0
FNF:2
FNH:0
LF:14
LH:0
BRF:0
BRH:0
end_of_record
TN:
SF:test/mock/IGOWritable_Mock.sol
FN:8,IGOWritable_Mock.exposed_closeIGO
FNDA:1,IGOWritable_Mock.exposed_closeIGO
DA:9,1
FN:12,IGOWritable_Mock.exposed_closeTag
FNDA:1,IGOWritable_Mock.exposed_closeTag
DA:13,1
FN:16,IGOWritable_Mock.exposed_requireAllocationNotExceededInTag
FNDA:3,IGOWritable_Mock.exposed_requireAllocationNotExceededInTag
DA:22,3
DA:23,2
FN:26,IGOWritable_Mock.exposed_requireAuthorizedAccount
FNDA:2,IGOWritable_Mock.exposed_requireAuthorizedAccount
DA:29,2
DA:30,1
FN:33,IGOWritable_Mock.exposed_requireGrandTotalNotExceeded
FNDA:2,IGOWritable_Mock.exposed_requireGrandTotalNotExceeded
DA:37,2
DA:38,1
FN:41,IGOWritable_Mock.exposed_requireOpenedIGO
FNDA:4,IGOWritable_Mock.exposed_requireOpenedIGO
DA:42,4
DA:43,1
FN:46,IGOWritable_Mock.exposed_requireOpenedTag
FNDA:4,IGOWritable_Mock.exposed_requireOpenedTag
DA:49,4
DA:50,1
FN:53,IGOWritable_Mock.exposed_requireTagCapNotExceeded
FNDA:2,IGOWritable_Mock.exposed_requireTagCapNotExceeded
DA:58,2
DA:59,1
FN:62,IGOWritable_Mock.exposed_requireValidAllocation
FNDA:2,IGOWritable_Mock.exposed_requireValidAllocation
DA:66,2
DA:67,1
FNF:9
FNH:9
LF:16
LH:16
BRF:0
BRH:0
end_of_record
